0 verbose cli /opt/homebrew/Cellar/node/23.11.0/bin/node /opt/homebrew/bin/npm
1 info using npm@10.9.2
2 info using node@v23.11.0
3 silly config load:file:/opt/homebrew/lib/node_modules/npm/npmrc
4 silly config load:file:/Users/krishnam/Documents/GitHub-JFrog/todomvc/bower_components/bootstrap/.npmrc
5 silly config load:file:/Users/krishnam/.npmrc
6 silly config load:file:/Users/krishnam/Documents/GitHub-JFrog/todomvc/bower_components/bootstrap/etc/npmrc
7 verbose title npm ls
8 verbose argv "ls" "--omit" "dev" "--package-lock-only" "--json" "--prefix" "/Users/krishnam/Documents/GitHub-JFrog/todomvc/bower_components/bootstrap"
9 verbose logfile logs-max:10 dir:/Users/krishnam/Documents/GitHub-JFrog/todomvc/temp/_logs/2025-05-08T15_24_10_506Z-
10 verbose logfile /Users/krishnam/Documents/GitHub-JFrog/todomvc/temp/_logs/2025-05-08T15_24_10_506Z-debug-0.log
11 silly logfile start cleaning logs, removing 1 files
12 silly packumentCache heap:4345298944 maxSize:1086324736 maxEntrySize:543162368
13 silly logfile done cleaning log files
14 verbose cwd /Users/krishnam/Documents/GitHub-JFrog/todomvc
15 verbose os Darwin 24.3.0
16 verbose node v23.11.0
17 verbose npm  v10.9.2
18 verbose exit 0
19 info ok
