0 verbose cli /opt/homebrew/Cellar/node/23.11.0/bin/node /opt/homebrew/bin/npm
1 info using npm@10.9.2
2 info using node@v23.11.0
3 silly config load:file:/opt/homebrew/lib/node_modules/npm/npmrc
4 silly config load:file:/Users/krishnam/Documents/GitHub-JFrog/todomvc/tests/.npmrc
5 silly config load:file:/Users/krishnam/.npmrc
6 silly config load:file:/Users/krishnam/Documents/GitHub-JFrog/todomvc/tests/etc/npmrc
7 verbose title npm i
8 verbose argv "i" "--package-lock-only" "--prefix" "/Users/krishnam/Documents/GitHub-JFrog/todomvc/tests"
9 verbose logfile logs-max:10 dir:/Users/krishnam/Documents/GitHub-JFrog/todomvc/temp/_logs/2025-05-08T15_23_37_179Z-
10 verbose logfile /Users/krishnam/Documents/GitHub-JFrog/todomvc/temp/_logs/2025-05-08T15_23_37_179Z-debug-0.log
11 silly logfile start cleaning logs, removing 1 files
12 silly logfile done cleaning log files
13 silly packumentCache heap:4345298944 maxSize:1086324736 maxEntrySize:543162368
14 silly idealTree buildDeps
15 silly fetch manifest chromedriver@^2.18.0
16 silly packumentCache full:https://registry.npmjs.org/chromedriver cache-miss
17 http fetch GET 200 https://registry.npmjs.org/chromedriver 247ms (cache miss)
18 silly packumentCache full:https://registry.npmjs.org/chromedriver set size:undefined disposed:false
19 silly fetch manifest mocha@*
20 silly packumentCache full:https://registry.npmjs.org/mocha cache-miss
21 http fetch GET 200 https://registry.npmjs.org/mocha 227ms (cache miss)
22 silly packumentCache full:https://registry.npmjs.org/mocha set size:undefined disposed:false
23 silly fetch manifest mocha-known-issues-reporter@git+https://github.com/ColinEberhardt/mocha-known-issues-reporter.git#v0.0.0
24 silly fetch manifest optimist@^0.6.1
25 silly packumentCache full:https://registry.npmjs.org/optimist cache-miss
26 http cache https://registry.npmjs.org/optimist 4ms (cache hit)
27 silly packumentCache full:https://registry.npmjs.org/optimist set size:58645 disposed:false
28 silly fetch manifest selenium-webdriver@~2.53.1
29 silly packumentCache full:https://registry.npmjs.org/selenium-webdriver cache-miss
30 http fetch GET 200 https://registry.npmjs.org/selenium-webdriver 58ms (cache miss)
31 silly packumentCache full:https://registry.npmjs.org/selenium-webdriver set size:undefined disposed:false
32 silly fetch manifest drool@0.4.0
33 silly packumentCache full:https://registry.npmjs.org/drool cache-miss
34 http fetch GET 200 https://registry.npmjs.org/drool 153ms (cache miss)
35 silly packumentCache full:https://registry.npmjs.org/drool set size:undefined disposed:false
36 silly placeDep ROOT chromedriver@2.46.0 OK for:  want: ^2.18.0
37 silly placeDep ROOT drool@0.4.0 OK for:  want: 0.4.0
38 silly placeDep ROOT mocha@11.2.2 OK for:  want: *
39 silly placeDep ROOT mocha-known-issues-reporter@0.0.0 OK for:  want: git+https://github.com/ColinEberhardt/mocha-known-issues-reporter.git#v0.0.0
40 silly placeDep ROOT optimist@0.6.1 OK for:  want: ^0.6.1
41 silly placeDep ROOT selenium-webdriver@2.53.3 OK for:  want: ~2.53.1
42 silly fetch manifest del@^3.0.0
43 silly packumentCache full:https://registry.npmjs.org/del cache-miss
44 silly fetch manifest mkdirp@^0.5.1
45 silly packumentCache full:https://registry.npmjs.org/mkdirp cache-miss
46 silly fetch manifest request@^2.88.0
47 silly packumentCache full:https://registry.npmjs.org/request cache-miss
48 silly fetch manifest extract-zip@^1.6.7
49 silly packumentCache full:https://registry.npmjs.org/extract-zip cache-miss
50 silly fetch manifest tcp-port-used@^1.0.1
51 silly packumentCache full:https://registry.npmjs.org/tcp-port-used cache-miss
52 silly fetch manifest selenium-webdriver@2.53.1
53 silly packumentCache full:https://registry.npmjs.org/selenium-webdriver cache-miss
54 silly fetch manifest he@^1.2.0
55 silly packumentCache full:https://registry.npmjs.org/he cache-miss
56 silly fetch manifest ms@^2.1.3
57 silly packumentCache full:https://registry.npmjs.org/ms cache-miss
58 silly fetch manifest diff@^5.2.0
59 silly packumentCache full:https://registry.npmjs.org/diff cache-miss
60 silly fetch manifest glob@^10.4.5
61 silly packumentCache full:https://registry.npmjs.org/glob cache-miss
62 http cache https://registry.npmjs.org/request 13ms (cache hit)
63 silly packumentCache full:https://registry.npmjs.org/request set size:307300 disposed:false
64 silly fetch manifest debug@^4.3.5
65 silly packumentCache full:https://registry.npmjs.org/debug cache-miss
66 http cache https://registry.npmjs.org/extract-zip 15ms (cache hit)
67 silly packumentCache full:https://registry.npmjs.org/extract-zip set size:47715 disposed:false
68 silly fetch manifest yargs@^17.7.2
69 silly packumentCache full:https://registry.npmjs.org/yargs cache-miss
70 http cache https://registry.npmjs.org/mkdirp 16ms (cache hit)
71 silly packumentCache full:https://registry.npmjs.org/mkdirp set size:116455 disposed:false
72 silly fetch manifest find-up@^5.0.0
73 silly packumentCache full:https://registry.npmjs.org/find-up cache-miss
74 http cache https://registry.npmjs.org/selenium-webdriver 17ms (cache hit)
75 silly packumentCache full:https://registry.npmjs.org/selenium-webdriver set size:255106 disposed:false
76 silly fetch manifest js-yaml@^4.1.0
77 silly packumentCache full:https://registry.npmjs.org/js-yaml cache-miss
78 http cache https://registry.npmjs.org/glob 18ms (cache hit)
79 silly packumentCache full:https://registry.npmjs.org/glob set size:405669 disposed:false
80 silly fetch manifest chokidar@^4.0.1
81 silly packumentCache full:https://registry.npmjs.org/chokidar cache-miss
82 http cache https://registry.npmjs.org/diff 20ms (cache hit)
83 silly packumentCache full:https://registry.npmjs.org/diff set size:133300 disposed:false
84 silly fetch manifest minimatch@^5.1.6
85 silly packumentCache full:https://registry.npmjs.org/minimatch cache-miss
86 http cache https://registry.npmjs.org/find-up 14ms (cache hit)
87 silly packumentCache full:https://registry.npmjs.org/find-up set size:38503 disposed:false
88 silly fetch manifest picocolors@^1.1.1
89 silly packumentCache full:https://registry.npmjs.org/picocolors cache-miss
90 http cache https://registry.npmjs.org/debug 17ms (cache hit)
91 silly packumentCache full:https://registry.npmjs.org/debug set size:191237 disposed:false
92 silly fetch manifest workerpool@^6.5.1
93 silly packumentCache full:https://registry.npmjs.org/workerpool cache-miss
94 http cache https://registry.npmjs.org/minimatch 11ms (cache hit)
95 silly packumentCache full:https://registry.npmjs.org/minimatch set size:398328 disposed:false
96 silly fetch manifest log-symbols@^4.1.0
97 silly packumentCache full:https://registry.npmjs.org/log-symbols cache-miss
98 http cache https://registry.npmjs.org/workerpool 4ms (cache hit)
99 silly packumentCache full:https://registry.npmjs.org/workerpool set size:178215 disposed:false
100 silly fetch manifest yargs-parser@^21.1.1
101 silly packumentCache full:https://registry.npmjs.org/yargs-parser cache-miss
102 http cache https://registry.npmjs.org/log-symbols 3ms (cache hit)
103 silly packumentCache full:https://registry.npmjs.org/log-symbols set size:30001 disposed:false
104 silly fetch manifest browser-stdout@^1.3.1
105 silly packumentCache full:https://registry.npmjs.org/browser-stdout cache-miss
106 http cache https://registry.npmjs.org/picocolors 8ms (cache hit)
107 silly packumentCache full:https://registry.npmjs.org/picocolors set size:16648 disposed:false
108 silly fetch manifest supports-color@^8.1.1
109 silly packumentCache full:https://registry.npmjs.org/supports-color cache-miss
110 http cache https://registry.npmjs.org/supports-color 4ms (cache hit)
111 silly packumentCache full:https://registry.npmjs.org/supports-color set size:115466 disposed:false
112 silly fetch manifest yargs-unparser@^2.0.0
113 silly packumentCache full:https://registry.npmjs.org/yargs-unparser cache-miss
114 http cache https://registry.npmjs.org/yargs-parser 6ms (cache hit)
115 silly packumentCache full:https://registry.npmjs.org/yargs-parser set size:355061 disposed:false
116 silly fetch manifest strip-json-comments@^3.1.1
117 silly packumentCache full:https://registry.npmjs.org/strip-json-comments cache-miss
118 http cache https://registry.npmjs.org/strip-json-comments 3ms (cache hit)
119 silly packumentCache full:https://registry.npmjs.org/strip-json-comments set size:39591 disposed:false
120 silly fetch manifest escape-string-regexp@^4.0.0
121 silly packumentCache full:https://registry.npmjs.org/escape-string-regexp cache-miss
122 http cache https://registry.npmjs.org/escape-string-regexp 3ms (cache hit)
123 silly packumentCache full:https://registry.npmjs.org/escape-string-regexp set size:22244 disposed:false
124 silly fetch manifest serialize-javascript@^6.0.2
125 silly packumentCache full:https://registry.npmjs.org/serialize-javascript cache-miss
126 http cache https://registry.npmjs.org/serialize-javascript 2ms (cache hit)
127 silly packumentCache full:https://registry.npmjs.org/serialize-javascript set size:67681 disposed:false
128 silly fetch manifest wordwrap@~0.0.2
129 silly packumentCache full:https://registry.npmjs.org/wordwrap cache-miss
130 http cache https://registry.npmjs.org/wordwrap 3ms (cache hit)
131 silly packumentCache full:https://registry.npmjs.org/wordwrap set size:9026 disposed:false
132 silly fetch manifest minimist@~0.0.1
133 silly packumentCache full:https://registry.npmjs.org/minimist cache-miss
134 http cache https://registry.npmjs.org/minimist 2ms (cache hit)
135 silly packumentCache full:https://registry.npmjs.org/minimist set size:77097 disposed:false
136 silly fetch manifest ws@^1.0.1
137 silly packumentCache full:https://registry.npmjs.org/ws cache-miss
138 http cache https://registry.npmjs.org/ws 4ms (cache hit)
139 silly packumentCache full:https://registry.npmjs.org/ws set size:408408 disposed:false
140 silly fetch manifest tmp@0.0.24
141 silly packumentCache full:https://registry.npmjs.org/tmp cache-miss
142 http fetch GET 200 https://registry.npmjs.org/tcp-port-used 69ms (cache miss)
143 silly packumentCache full:https://registry.npmjs.org/tcp-port-used set size:undefined disposed:false
144 silly fetch manifest rimraf@^2.2.8
145 silly packumentCache full:https://registry.npmjs.org/rimraf cache-miss
146 http cache https://registry.npmjs.org/tmp 7ms (cache hit)
147 silly packumentCache full:https://registry.npmjs.org/tmp set size:70665 disposed:false
148 silly fetch manifest xml2js@0.4.4
149 silly packumentCache full:https://registry.npmjs.org/xml2js cache-miss
150 http cache https://registry.npmjs.org/rimraf 8ms (cache hit)
151 silly packumentCache full:https://registry.npmjs.org/rimraf set size:191579 disposed:false
152 silly fetch manifest adm-zip@0.4.4
153 silly packumentCache full:https://registry.npmjs.org/adm-zip cache-miss
154 http cache https://registry.npmjs.org/adm-zip 2ms (cache hit)
155 silly packumentCache full:https://registry.npmjs.org/adm-zip set size:84933 disposed:false
156 http fetch GET 200 https://registry.npmjs.org/xml2js 54ms (cache miss)
157 silly packumentCache full:https://registry.npmjs.org/xml2js set size:undefined disposed:false
158 http fetch GET 200 https://registry.npmjs.org/ms 143ms (cache updated)
159 silly packumentCache full:https://registry.npmjs.org/ms set size:undefined disposed:false
160 http fetch GET 200 https://registry.npmjs.org/he 144ms (cache miss)
161 silly packumentCache full:https://registry.npmjs.org/he set size:undefined disposed:false
162 http fetch GET 200 https://registry.npmjs.org/del 158ms (cache miss)
163 silly packumentCache full:https://registry.npmjs.org/del set size:undefined disposed:false
164 http fetch GET 200 https://registry.npmjs.org/browser-stdout 130ms (cache miss)
165 silly packumentCache full:https://registry.npmjs.org/browser-stdout set size:undefined disposed:false
166 http fetch GET 200 https://registry.npmjs.org/js-yaml 153ms (cache updated)
167 silly packumentCache full:https://registry.npmjs.org/js-yaml set size:undefined disposed:false
168 http fetch GET 200 https://registry.npmjs.org/yargs-unparser 136ms (cache miss)
169 silly packumentCache full:https://registry.npmjs.org/yargs-unparser set size:undefined disposed:false
170 http fetch GET 200 https://registry.npmjs.org/chokidar 181ms (cache updated)
171 silly packumentCache full:https://registry.npmjs.org/chokidar set size:undefined disposed:false
172 http fetch GET 200 https://registry.npmjs.org/yargs 200ms (cache updated)
173 silly packumentCache full:https://registry.npmjs.org/yargs set size:undefined disposed:false
174 silly placeDep ROOT del@3.0.0 OK for: chromedriver@2.46.0 want: ^3.0.0
175 silly placeDep ROOT extract-zip@1.7.0 OK for: chromedriver@2.46.0 want: ^1.6.7
176 silly placeDep ROOT mkdirp@0.5.6 OK for: chromedriver@2.46.0 want: ^0.5.1
177 silly placeDep ROOT request@2.88.2 OK for: chromedriver@2.46.0 want: ^2.88.0
178 silly placeDep ROOT tcp-port-used@1.0.2 OK for: chromedriver@2.46.0 want: ^1.0.1
179 silly fetch manifest pify@^3.0.0
180 silly packumentCache full:https://registry.npmjs.org/pify cache-miss
181 silly fetch manifest p-map@^1.1.1
182 silly packumentCache full:https://registry.npmjs.org/p-map cache-miss
183 silly fetch manifest globby@^6.1.0
184 silly packumentCache full:https://registry.npmjs.org/globby cache-miss
185 silly fetch manifest is-path-cwd@^1.0.0
186 silly packumentCache full:https://registry.npmjs.org/is-path-cwd cache-miss
187 silly fetch manifest is-path-in-cwd@^1.0.0
188 silly packumentCache full:https://registry.npmjs.org/is-path-in-cwd cache-miss
189 silly fetch manifest concat-stream@^1.6.2
190 silly packumentCache full:https://registry.npmjs.org/concat-stream cache-miss
191 silly fetch manifest debug@^2.6.9
192 silly packumentCache full:https://registry.npmjs.org/debug cache-hit
193 silly fetch manifest mkdirp@^0.5.4
194 silly packumentCache full:https://registry.npmjs.org/mkdirp cache-hit
195 silly fetch manifest yauzl@^2.10.0
196 silly packumentCache full:https://registry.npmjs.org/yauzl cache-miss
197 silly fetch manifest minimist@^1.2.6
198 silly packumentCache full:https://registry.npmjs.org/minimist cache-hit
199 silly fetch manifest qs@~6.5.2
200 silly packumentCache full:https://registry.npmjs.org/qs cache-miss
201 silly fetch manifest aws4@^1.8.0
202 silly packumentCache full:https://registry.npmjs.org/aws4 cache-miss
203 silly fetch manifest uuid@^3.3.2
204 silly packumentCache full:https://registry.npmjs.org/uuid cache-miss
205 http cache https://registry.npmjs.org/concat-stream 17ms (cache hit)
206 silly packumentCache full:https://registry.npmjs.org/concat-stream set size:63783 disposed:false
207 silly fetch manifest extend@~3.0.2
208 silly packumentCache full:https://registry.npmjs.org/extend cache-miss
209 http cache https://registry.npmjs.org/qs 18ms (cache hit)
210 silly packumentCache full:https://registry.npmjs.org/qs set size:264677 disposed:false
211 silly fetch manifest caseless@~0.12.0
212 silly packumentCache full:https://registry.npmjs.org/caseless cache-miss
213 http cache https://registry.npmjs.org/pify 22ms (cache hit)
214 silly packumentCache full:https://registry.npmjs.org/pify set size:33583 disposed:false
215 silly fetch manifest isstream@~0.1.2
216 silly packumentCache full:https://registry.npmjs.org/isstream cache-miss
217 http cache https://registry.npmjs.org/uuid 21ms (cache hit)
218 silly packumentCache full:https://registry.npmjs.org/uuid set size:215972 disposed:false
219 silly fetch manifest aws-sign2@~0.7.0
220 silly packumentCache full:https://registry.npmjs.org/aws-sign2 cache-miss
221 http cache https://registry.npmjs.org/globby 24ms (cache hit)
222 silly packumentCache full:https://registry.npmjs.org/globby set size:141312 disposed:false
223 silly fetch manifest form-data@~2.3.2
224 silly packumentCache full:https://registry.npmjs.org/form-data cache-miss
225 http cache https://registry.npmjs.org/yauzl 25ms (cache hit)
226 silly packumentCache full:https://registry.npmjs.org/yauzl set size:97051 disposed:false
227 silly fetch manifest mime-types@~2.1.19
228 silly packumentCache full:https://registry.npmjs.org/mime-types cache-miss
229 http cache https://registry.npmjs.org/aws4 25ms (cache hit)
230 silly packumentCache full:https://registry.npmjs.org/aws4 set size:141900 disposed:false
231 silly fetch manifest oauth-sign@~0.9.0
232 silly packumentCache full:https://registry.npmjs.org/oauth-sign cache-miss
233 http cache https://registry.npmjs.org/form-data 7ms (cache hit)
234 silly packumentCache full:https://registry.npmjs.org/form-data set size:130702 disposed:false
235 silly fetch manifest safe-buffer@^5.1.2
236 silly packumentCache full:https://registry.npmjs.org/safe-buffer cache-miss
237 http cache https://registry.npmjs.org/aws-sign2 10ms (cache hit)
238 silly packumentCache full:https://registry.npmjs.org/aws-sign2 set size:6079 disposed:false
239 silly fetch manifest tough-cookie@~2.5.0
240 silly packumentCache full:https://registry.npmjs.org/tough-cookie cache-miss
241 http cache https://registry.npmjs.org/caseless 14ms (cache hit)
242 silly packumentCache full:https://registry.npmjs.org/caseless set size:17911 disposed:false
243 silly fetch manifest tunnel-agent@^0.6.0
244 silly packumentCache full:https://registry.npmjs.org/tunnel-agent cache-miss
245 http cache https://registry.npmjs.org/isstream 13ms (cache hit)
246 silly packumentCache full:https://registry.npmjs.org/isstream set size:9114 disposed:false
247 silly fetch manifest forever-agent@~0.6.1
248 silly packumentCache full:https://registry.npmjs.org/forever-agent cache-miss
249 http cache https://registry.npmjs.org/mime-types 10ms (cache hit)
250 silly packumentCache full:https://registry.npmjs.org/mime-types set size:136716 disposed:false
251 silly fetch manifest har-validator@~5.1.3
252 silly packumentCache full:https://registry.npmjs.org/har-validator cache-miss
253 http cache https://registry.npmjs.org/oauth-sign 10ms (cache hit)
254 silly packumentCache full:https://registry.npmjs.org/oauth-sign set size:15915 disposed:false
255 silly fetch manifest is-typedarray@~1.0.0
256 silly packumentCache full:https://registry.npmjs.org/is-typedarray cache-miss
257 http cache https://registry.npmjs.org/safe-buffer 8ms (cache hit)
258 silly packumentCache full:https://registry.npmjs.org/safe-buffer set size:41183 disposed:false
259 silly fetch manifest http-signature@~1.2.0
260 silly packumentCache full:https://registry.npmjs.org/http-signature cache-miss
261 http cache https://registry.npmjs.org/tough-cookie 7ms (cache hit)
262 silly packumentCache full:https://registry.npmjs.org/tough-cookie set size:125700 disposed:false
263 silly fetch manifest combined-stream@~1.0.6
264 silly packumentCache full:https://registry.npmjs.org/combined-stream cache-miss
265 http cache https://registry.npmjs.org/forever-agent 8ms (cache hit)
266 silly packumentCache full:https://registry.npmjs.org/forever-agent set size:10023 disposed:false
267 silly fetch manifest performance-now@^2.1.0
268 silly packumentCache full:https://registry.npmjs.org/performance-now cache-miss
269 http cache https://registry.npmjs.org/har-validator 7ms (cache hit)
270 silly packumentCache full:https://registry.npmjs.org/har-validator set size:122031 disposed:false
271 silly fetch manifest json-stringify-safe@~5.0.1
272 silly packumentCache full:https://registry.npmjs.org/json-stringify-safe cache-miss
273 http cache https://registry.npmjs.org/tunnel-agent 10ms (cache hit)
274 silly packumentCache full:https://registry.npmjs.org/tunnel-agent set size:12847 disposed:false
275 silly fetch manifest debug@4.3.1
276 silly packumentCache full:https://registry.npmjs.org/debug cache-hit
277 silly fetch manifest is2@^2.0.6
278 silly packumentCache full:https://registry.npmjs.org/is2 cache-miss
279 http cache https://registry.npmjs.org/is-typedarray 8ms (cache hit)
280 silly packumentCache full:https://registry.npmjs.org/is-typedarray set size:3992 disposed:false
281 http cache https://registry.npmjs.org/performance-now 6ms (cache hit)
282 silly packumentCache full:https://registry.npmjs.org/performance-now set size:19893 disposed:false
283 http cache https://registry.npmjs.org/combined-stream 7ms (cache hit)
284 silly packumentCache full:https://registry.npmjs.org/combined-stream set size:40337 disposed:false
285 http cache https://registry.npmjs.org/json-stringify-safe 6ms (cache hit)
286 silly packumentCache full:https://registry.npmjs.org/json-stringify-safe set size:8806 disposed:false
287 http cache https://registry.npmjs.org/http-signature 9ms (cache hit)
288 silly packumentCache full:https://registry.npmjs.org/http-signature set size:58629 disposed:false
289 http fetch GET 200 https://registry.npmjs.org/p-map 64ms (cache miss)
290 silly packumentCache full:https://registry.npmjs.org/p-map set size:undefined disposed:false
291 http fetch GET 200 https://registry.npmjs.org/is-path-cwd 68ms (cache miss)
292 silly packumentCache full:https://registry.npmjs.org/is-path-cwd set size:undefined disposed:false
293 http fetch GET 200 https://registry.npmjs.org/extend 57ms (cache updated)
294 silly packumentCache full:https://registry.npmjs.org/extend set size:undefined disposed:false
295 http fetch GET 200 https://registry.npmjs.org/is-path-in-cwd 89ms (cache miss)
296 silly packumentCache full:https://registry.npmjs.org/is-path-in-cwd set size:undefined disposed:false
297 http fetch GET 200 https://registry.npmjs.org/is2 95ms (cache miss)
298 silly packumentCache full:https://registry.npmjs.org/is2 set size:undefined disposed:false
299 silly placeDep ROOT globby@6.1.0 OK for: del@3.0.0 want: ^6.1.0
300 silly placeDep ROOT is-path-cwd@1.0.0 OK for: del@3.0.0 want: ^1.0.0
301 silly placeDep ROOT is-path-in-cwd@1.0.1 OK for: del@3.0.0 want: ^1.0.0
302 silly placeDep ROOT p-map@1.2.0 OK for: del@3.0.0 want: ^1.1.1
303 silly placeDep ROOT pify@3.0.0 OK for: del@3.0.0 want: ^3.0.0
304 silly placeDep ROOT rimraf@2.7.1 OK for: del@3.0.0 want: ^2.2.8
305 silly fetch manifest glob@^7.0.3
306 silly packumentCache full:https://registry.npmjs.org/glob cache-hit
307 silly fetch manifest pify@^2.0.0
308 silly packumentCache full:https://registry.npmjs.org/pify cache-hit
309 silly fetch manifest array-union@^1.0.1
310 silly packumentCache full:https://registry.npmjs.org/array-union cache-miss
311 silly fetch manifest object-assign@^4.0.1
312 silly packumentCache full:https://registry.npmjs.org/object-assign cache-miss
313 silly fetch manifest pinkie-promise@^2.0.0
314 silly packumentCache full:https://registry.npmjs.org/pinkie-promise cache-miss
315 silly fetch manifest is-path-inside@^1.0.0
316 silly packumentCache full:https://registry.npmjs.org/is-path-inside cache-miss
317 silly fetch manifest glob@^7.1.3
318 silly packumentCache full:https://registry.npmjs.org/glob cache-hit
319 http cache https://registry.npmjs.org/array-union 4ms (cache hit)
320 silly packumentCache full:https://registry.npmjs.org/array-union set size:18386 disposed:false
321 http cache https://registry.npmjs.org/object-assign 4ms (cache hit)
322 silly packumentCache full:https://registry.npmjs.org/object-assign set size:28988 disposed:false
323 http cache https://registry.npmjs.org/pinkie-promise 5ms (cache hit)
324 silly packumentCache full:https://registry.npmjs.org/pinkie-promise set size:6122 disposed:false
325 http cache https://registry.npmjs.org/is-path-inside 5ms (cache hit)
326 silly packumentCache full:https://registry.npmjs.org/is-path-inside set size:23585 disposed:false
327 silly placeDep node_modules/drool selenium-webdriver@2.53.1 OK for: drool@0.4.0 want: 2.53.1
328 silly placeDep ROOT concat-stream@1.6.2 OK for: extract-zip@1.7.0 want: ^1.6.2
329 silly placeDep ROOT debug@2.6.9 OK for: extract-zip@1.7.0 want: ^2.6.9
330 silly placeDep ROOT yauzl@2.10.0 OK for: extract-zip@1.7.0 want: ^2.10.0
331 silly fetch manifest buffer-from@^1.0.0
332 silly packumentCache full:https://registry.npmjs.org/buffer-from cache-miss
333 silly fetch manifest inherits@^2.0.3
334 silly packumentCache full:https://registry.npmjs.org/inherits cache-miss
335 silly fetch manifest readable-stream@^2.2.2
336 silly packumentCache full:https://registry.npmjs.org/readable-stream cache-miss
337 silly fetch manifest typedarray@^0.0.6
338 silly packumentCache full:https://registry.npmjs.org/typedarray cache-miss
339 silly fetch manifest ms@2.0.0
340 silly packumentCache full:https://registry.npmjs.org/ms cache-miss
341 silly fetch manifest fd-slicer@~1.1.0
342 silly packumentCache full:https://registry.npmjs.org/fd-slicer cache-miss
343 silly fetch manifest buffer-crc32@~0.2.3
344 silly packumentCache full:https://registry.npmjs.org/buffer-crc32 cache-miss
345 http cache https://registry.npmjs.org/buffer-from 5ms (cache hit)
346 silly packumentCache full:https://registry.npmjs.org/buffer-from set size:15463 disposed:false
347 http cache https://registry.npmjs.org/inherits 5ms (cache hit)
348 silly packumentCache full:https://registry.npmjs.org/inherits set size:12925 disposed:false
349 http cache https://registry.npmjs.org/typedarray 6ms (cache hit)
350 silly packumentCache full:https://registry.npmjs.org/typedarray set size:18469 disposed:false
351 http cache https://registry.npmjs.org/ms 5ms (cache hit)
352 silly packumentCache full:https://registry.npmjs.org/ms set size:84883 disposed:false
353 http cache https://registry.npmjs.org/readable-stream 7ms (cache hit)
354 silly packumentCache full:https://registry.npmjs.org/readable-stream set size:261096 disposed:false
355 http cache https://registry.npmjs.org/buffer-crc32 8ms (cache hit)
356 silly packumentCache full:https://registry.npmjs.org/buffer-crc32 set size:58100 disposed:false
357 http cache https://registry.npmjs.org/fd-slicer 11ms (cache hit)
358 silly packumentCache full:https://registry.npmjs.org/fd-slicer set size:25525 disposed:false
359 silly placeDep ROOT buffer-from@1.1.2 OK for: concat-stream@1.6.2 want: ^1.0.0
360 silly placeDep ROOT inherits@2.0.4 OK for: concat-stream@1.6.2 want: ^2.0.3
361 silly placeDep ROOT readable-stream@2.3.8 OK for: concat-stream@1.6.2 want: ^2.2.2
362 silly placeDep ROOT typedarray@0.0.6 OK for: concat-stream@1.6.2 want: ^0.0.6
363 silly fetch manifest isarray@~1.0.0
364 silly packumentCache full:https://registry.npmjs.org/isarray cache-miss
365 silly fetch manifest safe-buffer@~5.1.1
366 silly packumentCache full:https://registry.npmjs.org/safe-buffer cache-hit
367 silly fetch manifest core-util-is@~1.0.0
368 silly packumentCache full:https://registry.npmjs.org/core-util-is cache-miss
369 silly fetch manifest string_decoder@~1.1.1
370 silly packumentCache full:https://registry.npmjs.org/string_decoder cache-miss
371 silly fetch manifest util-deprecate@~1.0.1
372 silly packumentCache full:https://registry.npmjs.org/util-deprecate cache-miss
373 silly fetch manifest process-nextick-args@~2.0.0
374 silly packumentCache full:https://registry.npmjs.org/process-nextick-args cache-miss
375 http cache https://registry.npmjs.org/isarray 5ms (cache hit)
376 silly packumentCache full:https://registry.npmjs.org/isarray set size:17392 disposed:false
377 http cache https://registry.npmjs.org/core-util-is 5ms (cache hit)
378 silly packumentCache full:https://registry.npmjs.org/core-util-is set size:7163 disposed:false
379 http cache https://registry.npmjs.org/string_decoder 5ms (cache hit)
380 silly packumentCache full:https://registry.npmjs.org/string_decoder set size:28441 disposed:false
381 http cache https://registry.npmjs.org/util-deprecate 6ms (cache hit)
382 silly packumentCache full:https://registry.npmjs.org/util-deprecate set size:6674 disposed:false
383 http cache https://registry.npmjs.org/process-nextick-args 6ms (cache hit)
384 silly packumentCache full:https://registry.npmjs.org/process-nextick-args set size:15428 disposed:false
385 silly placeDep ROOT ms@2.0.0 OK for: debug@2.6.9 want: 2.0.0
386 silly placeDep ROOT array-union@1.0.2 OK for: globby@6.1.0 want: ^1.0.1
387 silly placeDep ROOT glob@7.2.3 OK for: globby@6.1.0 want: ^7.0.3
388 silly placeDep ROOT object-assign@4.1.1 OK for: globby@6.1.0 want: ^4.0.1
389 silly placeDep node_modules/globby pify@2.3.0 OK for: globby@6.1.0 want: ^2.0.0
390 silly placeDep ROOT pinkie-promise@2.0.1 OK for: globby@6.1.0 want: ^2.0.0
391 silly fetch manifest array-uniq@^1.0.1
392 silly packumentCache full:https://registry.npmjs.org/array-uniq cache-miss
393 silly fetch manifest once@^1.3.0
394 silly packumentCache full:https://registry.npmjs.org/once cache-miss
395 silly fetch manifest inflight@^1.0.4
396 silly packumentCache full:https://registry.npmjs.org/inflight cache-miss
397 silly fetch manifest minimatch@^3.1.1
398 silly packumentCache full:https://registry.npmjs.org/minimatch cache-hit
399 silly fetch manifest fs.realpath@^1.0.0
400 silly packumentCache full:https://registry.npmjs.org/fs.realpath cache-miss
401 silly fetch manifest path-is-absolute@^1.0.0
402 silly packumentCache full:https://registry.npmjs.org/path-is-absolute cache-miss
403 silly fetch manifest pinkie@^2.0.0
404 silly packumentCache full:https://registry.npmjs.org/pinkie cache-miss
405 http cache https://registry.npmjs.org/once 6ms (cache hit)
406 silly packumentCache full:https://registry.npmjs.org/once set size:11768 disposed:false
407 http cache https://registry.npmjs.org/inflight 6ms (cache hit)
408 silly packumentCache full:https://registry.npmjs.org/inflight set size:13140 disposed:false
409 http cache https://registry.npmjs.org/pinkie 6ms (cache hit)
410 silly packumentCache full:https://registry.npmjs.org/pinkie set size:15061 disposed:false
411 http fetch GET 200 https://registry.npmjs.org/array-uniq 44ms (cache updated)
412 silly packumentCache full:https://registry.npmjs.org/array-uniq set size:undefined disposed:false
413 http fetch GET 200 https://registry.npmjs.org/fs.realpath 47ms (cache updated)
414 silly packumentCache full:https://registry.npmjs.org/fs.realpath set size:undefined disposed:false
415 http fetch GET 200 https://registry.npmjs.org/path-is-absolute 100ms (cache updated)
416 silly packumentCache full:https://registry.npmjs.org/path-is-absolute set size:undefined disposed:false
417 silly placeDep ROOT array-uniq@1.0.3 OK for: array-union@1.0.2 want: ^1.0.1
418 silly placeDep ROOT fs.realpath@1.0.0 OK for: glob@7.2.3 want: ^1.0.0
419 silly placeDep ROOT inflight@1.0.6 OK for: glob@7.2.3 want: ^1.0.4
420 silly placeDep ROOT minimatch@3.1.2 OK for: glob@7.2.3 want: ^3.1.1
421 silly placeDep ROOT once@1.4.0 OK for: glob@7.2.3 want: ^1.3.0
422 silly placeDep ROOT path-is-absolute@1.0.1 OK for: glob@7.2.3 want: ^1.0.0
423 silly fetch manifest wrappy@1
424 silly packumentCache full:https://registry.npmjs.org/wrappy cache-miss
425 silly fetch manifest brace-expansion@^1.1.7
426 silly packumentCache full:https://registry.npmjs.org/brace-expansion cache-miss
427 silly fetch manifest wrappy@1
428 silly packumentCache full:https://registry.npmjs.org/wrappy cache-miss
429 http cache https://registry.npmjs.org/wrappy 5ms (cache hit)
430 silly packumentCache full:https://registry.npmjs.org/wrappy set size:7682 disposed:false
431 http cache https://registry.npmjs.org/wrappy 5ms (cache hit)
432 silly packumentCache full:https://registry.npmjs.org/wrappy set size:7682 disposed:false
433 silly packumentCache full:https://registry.npmjs.org/wrappy dispose
434 http cache https://registry.npmjs.org/brace-expansion 5ms (cache hit)
435 silly packumentCache full:https://registry.npmjs.org/brace-expansion set size:42345 disposed:false
436 silly placeDep ROOT wrappy@1.0.2 OK for: inflight@1.0.6 want: 1
437 silly placeDep ROOT is-path-inside@1.0.1 OK for: is-path-in-cwd@1.0.1 want: ^1.0.0
438 silly fetch manifest path-is-inside@^1.0.1
439 silly packumentCache full:https://registry.npmjs.org/path-is-inside cache-miss
440 http fetch GET 200 https://registry.npmjs.org/path-is-inside 58ms (cache miss)
441 silly packumentCache full:https://registry.npmjs.org/path-is-inside set size:undefined disposed:false
442 silly placeDep ROOT path-is-inside@1.0.2 OK for: is-path-inside@1.0.1 want: ^1.0.1
443 silly placeDep ROOT brace-expansion@1.1.11 OK for: minimatch@3.1.2 want: ^1.1.7
444 silly fetch manifest balanced-match@^1.0.0
445 silly packumentCache full:https://registry.npmjs.org/balanced-match cache-miss
446 silly fetch manifest concat-map@0.0.1
447 silly packumentCache full:https://registry.npmjs.org/concat-map cache-miss
448 http cache https://registry.npmjs.org/balanced-match 6ms (cache hit)
449 silly packumentCache full:https://registry.npmjs.org/balanced-match set size:33860 disposed:false
450 http cache https://registry.npmjs.org/concat-map 6ms (cache hit)
451 silly packumentCache full:https://registry.npmjs.org/concat-map set size:9290 disposed:false
452 silly placeDep ROOT balanced-match@1.0.2 OK for: brace-expansion@1.1.11 want: ^1.0.0
453 silly placeDep ROOT concat-map@0.0.1 OK for: brace-expansion@1.1.11 want: 0.0.1
454 silly placeDep ROOT minimist@1.2.8 OK for: mkdirp@0.5.6 want: ^1.2.6
455 silly placeDep ROOT browser-stdout@1.3.1 OK for: mocha@11.2.2 want: ^1.3.1
456 silly placeDep ROOT chokidar@4.0.3 OK for: mocha@11.2.2 want: ^4.0.1
457 silly placeDep node_modules/mocha debug@4.4.0 OK for: mocha@11.2.2 want: ^4.3.5
458 silly placeDep ROOT diff@5.2.0 OK for: mocha@11.2.2 want: ^5.2.0
459 silly placeDep ROOT escape-string-regexp@4.0.0 OK for: mocha@11.2.2 want: ^4.0.0
460 silly placeDep ROOT find-up@5.0.0 OK for: mocha@11.2.2 want: ^5.0.0
461 silly placeDep node_modules/mocha glob@10.4.5 OK for: mocha@11.2.2 want: ^10.4.5
462 silly placeDep ROOT he@1.2.0 OK for: mocha@11.2.2 want: ^1.2.0
463 silly placeDep ROOT js-yaml@4.1.0 OK for: mocha@11.2.2 want: ^4.1.0
464 silly placeDep ROOT log-symbols@4.1.0 OK for: mocha@11.2.2 want: ^4.1.0
465 silly placeDep node_modules/mocha minimatch@5.1.6 OK for: mocha@11.2.2 want: ^5.1.6
466 silly placeDep node_modules/mocha ms@2.1.3 OK for: mocha@11.2.2 want: ^2.1.3
467 silly placeDep ROOT picocolors@1.1.1 OK for: mocha@11.2.2 want: ^1.1.1
468 silly placeDep ROOT serialize-javascript@6.0.2 OK for: mocha@11.2.2 want: ^6.0.2
469 silly placeDep ROOT strip-json-comments@3.1.1 OK for: mocha@11.2.2 want: ^3.1.1
470 silly placeDep ROOT supports-color@8.1.1 OK for: mocha@11.2.2 want: ^8.1.1
471 silly placeDep ROOT workerpool@6.5.1 OK for: mocha@11.2.2 want: ^6.5.1
472 silly placeDep ROOT yargs@17.7.2 OK for: mocha@11.2.2 want: ^17.7.2
473 silly placeDep ROOT yargs-parser@21.1.1 OK for: mocha@11.2.2 want: ^21.1.1
474 silly placeDep ROOT yargs-unparser@2.0.0 OK for: mocha@11.2.2 want: ^2.0.0
475 silly fetch manifest readdirp@^4.0.1
476 silly packumentCache full:https://registry.npmjs.org/readdirp cache-miss
477 silly fetch manifest locate-path@^6.0.0
478 silly packumentCache full:https://registry.npmjs.org/locate-path cache-miss
479 silly fetch manifest path-exists@^4.0.0
480 silly packumentCache full:https://registry.npmjs.org/path-exists cache-miss
481 silly fetch manifest minipass@^7.1.2
482 silly packumentCache full:https://registry.npmjs.org/minipass cache-miss
483 silly fetch manifest jackspeak@^3.1.2
484 silly packumentCache full:https://registry.npmjs.org/jackspeak cache-miss
485 silly fetch manifest minimatch@^9.0.4
486 silly packumentCache full:https://registry.npmjs.org/minimatch cache-hit
487 silly fetch manifest path-scurry@^1.11.1
488 silly packumentCache full:https://registry.npmjs.org/path-scurry cache-miss
489 silly fetch manifest foreground-child@^3.1.0
490 silly packumentCache full:https://registry.npmjs.org/foreground-child cache-miss
491 silly fetch manifest package-json-from-dist@^1.0.0
492 silly packumentCache full:https://registry.npmjs.org/package-json-from-dist cache-miss
493 silly fetch manifest argparse@^2.0.1
494 silly packumentCache full:https://registry.npmjs.org/argparse cache-miss
495 silly fetch manifest chalk@^4.1.0
496 silly packumentCache full:https://registry.npmjs.org/chalk cache-miss
497 http cache https://registry.npmjs.org/path-scurry 9ms (cache hit)
498 silly packumentCache full:https://registry.npmjs.org/path-scurry set size:112463 disposed:false
499 silly fetch manifest is-unicode-supported@^0.1.0
500 silly packumentCache full:https://registry.npmjs.org/is-unicode-supported cache-miss
501 http cache https://registry.npmjs.org/path-exists 11ms (cache hit)
502 silly packumentCache full:https://registry.npmjs.org/path-exists set size:13704 disposed:false
503 silly fetch manifest brace-expansion@^2.0.1
504 silly packumentCache full:https://registry.npmjs.org/brace-expansion cache-hit
505 silly fetch manifest randombytes@^2.1.0
506 silly packumentCache full:https://registry.npmjs.org/randombytes cache-miss
507 http cache https://registry.npmjs.org/chalk 9ms (cache hit)
508 silly packumentCache full:https://registry.npmjs.org/chalk set size:122561 disposed:false
509 silly fetch manifest has-flag@^4.0.0
510 silly packumentCache full:https://registry.npmjs.org/has-flag cache-miss
511 http cache https://registry.npmjs.org/locate-path 13ms (cache hit)
512 silly packumentCache full:https://registry.npmjs.org/locate-path set size:29792 disposed:false
513 silly fetch manifest y18n@^5.0.5
514 silly packumentCache full:https://registry.npmjs.org/y18n cache-miss
515 http cache https://registry.npmjs.org/minipass 14ms (cache hit)
516 silly packumentCache full:https://registry.npmjs.org/minipass set size:490195 disposed:false
517 silly fetch manifest cliui@^8.0.1
518 silly packumentCache full:https://registry.npmjs.org/cliui cache-miss
519 http cache https://registry.npmjs.org/has-flag 6ms (cache hit)
520 silly packumentCache full:https://registry.npmjs.org/has-flag set size:15180 disposed:false
521 silly fetch manifest escalade@^3.1.1
522 silly packumentCache full:https://registry.npmjs.org/escalade cache-miss
523 http cache https://registry.npmjs.org/is-unicode-supported 9ms (cache hit)
524 silly packumentCache full:https://registry.npmjs.org/is-unicode-supported set size:19461 disposed:false
525 silly fetch manifest string-width@^4.2.3
526 silly packumentCache full:https://registry.npmjs.org/string-width cache-miss
527 http cache https://registry.npmjs.org/randombytes 10ms (cache hit)
528 silly packumentCache full:https://registry.npmjs.org/randombytes set size:17505 disposed:false
529 silly fetch manifest get-caller-file@^2.0.5
530 silly packumentCache full:https://registry.npmjs.org/get-caller-file cache-miss
531 http cache https://registry.npmjs.org/escalade 4ms (cache hit)
532 silly packumentCache full:https://registry.npmjs.org/escalade set size:33724 disposed:false
533 silly fetch manifest require-directory@^2.1.1
534 silly packumentCache full:https://registry.npmjs.org/require-directory cache-miss
535 http cache https://registry.npmjs.org/string-width 4ms (cache hit)
536 silly packumentCache full:https://registry.npmjs.org/string-width set size:61460 disposed:false
537 silly fetch manifest camelcase@^6.0.0
538 silly packumentCache full:https://registry.npmjs.org/camelcase cache-miss
539 http cache https://registry.npmjs.org/get-caller-file 6ms (cache hit)
540 silly packumentCache full:https://registry.npmjs.org/get-caller-file set size:26456 disposed:false
541 silly fetch manifest decamelize@^4.0.0
542 silly packumentCache full:https://registry.npmjs.org/decamelize cache-miss
543 http cache https://registry.npmjs.org/require-directory 7ms (cache hit)
544 silly packumentCache full:https://registry.npmjs.org/require-directory set size:26866 disposed:false
545 silly fetch manifest flat@^5.0.2
546 silly packumentCache full:https://registry.npmjs.org/flat cache-miss
547 http cache https://registry.npmjs.org/camelcase 7ms (cache hit)
548 silly packumentCache full:https://registry.npmjs.org/camelcase set size:57059 disposed:false
549 silly fetch manifest is-plain-obj@^2.1.0
550 silly packumentCache full:https://registry.npmjs.org/is-plain-obj cache-miss
551 http cache https://registry.npmjs.org/decamelize 6ms (cache hit)
552 silly packumentCache full:https://registry.npmjs.org/decamelize set size:32733 disposed:false
553 http cache https://registry.npmjs.org/is-plain-obj 4ms (cache hit)
554 silly packumentCache full:https://registry.npmjs.org/is-plain-obj set size:17899 disposed:false
555 http fetch GET 200 https://registry.npmjs.org/package-json-from-dist 58ms (cache miss)
556 silly packumentCache full:https://registry.npmjs.org/package-json-from-dist set size:undefined disposed:false
557 http fetch GET 200 https://registry.npmjs.org/argparse 57ms (cache updated)
558 silly packumentCache full:https://registry.npmjs.org/argparse set size:undefined disposed:false
559 http fetch GET 200 https://registry.npmjs.org/cliui 49ms (cache updated)
560 silly packumentCache full:https://registry.npmjs.org/cliui set size:undefined disposed:false
561 http fetch GET 200 https://registry.npmjs.org/y18n 58ms (cache updated)
562 silly packumentCache full:https://registry.npmjs.org/y18n set size:undefined disposed:false
563 http fetch GET 200 https://registry.npmjs.org/jackspeak 73ms (cache miss)
564 silly packumentCache full:https://registry.npmjs.org/jackspeak set size:undefined disposed:false
565 http fetch GET 200 https://registry.npmjs.org/flat 44ms (cache miss)
566 silly packumentCache full:https://registry.npmjs.org/flat set size:undefined disposed:false
567 http fetch GET 200 https://registry.npmjs.org/foreground-child 78ms (cache miss)
568 silly packumentCache full:https://registry.npmjs.org/foreground-child set size:undefined disposed:false
569 http fetch GET 200 https://registry.npmjs.org/readdirp 80ms (cache updated)
570 silly packumentCache full:https://registry.npmjs.org/readdirp set size:undefined disposed:false
571 silly placeDep ROOT readdirp@4.1.2 OK for: chokidar@4.0.3 want: ^4.0.1
572 silly placeDep ROOT locate-path@6.0.0 OK for: find-up@5.0.0 want: ^6.0.0
573 silly placeDep ROOT path-exists@4.0.0 OK for: find-up@5.0.0 want: ^4.0.0
574 silly fetch manifest p-locate@^5.0.0
575 silly packumentCache full:https://registry.npmjs.org/p-locate cache-miss
576 http cache https://registry.npmjs.org/p-locate 3ms (cache hit)
577 silly packumentCache full:https://registry.npmjs.org/p-locate set size:20789 disposed:false
578 silly placeDep ROOT argparse@2.0.1 OK for: js-yaml@4.1.0 want: ^2.0.1
579 silly placeDep ROOT p-locate@5.0.0 OK for: locate-path@6.0.0 want: ^5.0.0
580 silly fetch manifest p-limit@^3.0.2
581 silly packumentCache full:https://registry.npmjs.org/p-limit cache-miss
582 http cache https://registry.npmjs.org/p-limit 3ms (cache hit)
583 silly packumentCache full:https://registry.npmjs.org/p-limit set size:50060 disposed:false
584 silly placeDep ROOT chalk@4.1.2 OK for: log-symbols@4.1.0 want: ^4.1.0
585 silly placeDep ROOT is-unicode-supported@0.1.0 OK for: log-symbols@4.1.0 want: ^0.1.0
586 silly fetch manifest ansi-styles@^4.1.0
587 silly packumentCache full:https://registry.npmjs.org/ansi-styles cache-miss
588 silly fetch manifest supports-color@^7.1.0
589 silly packumentCache full:https://registry.npmjs.org/supports-color cache-hit
590 http cache https://registry.npmjs.org/ansi-styles 3ms (cache hit)
591 silly packumentCache full:https://registry.npmjs.org/ansi-styles set size:66356 disposed:false
592 silly placeDep ROOT ansi-styles@4.3.0 OK for: chalk@4.1.2 want: ^4.1.0
593 silly placeDep node_modules/chalk supports-color@7.2.0 OK for: chalk@4.1.2 want: ^7.1.0
594 silly fetch manifest color-convert@^2.0.1
595 silly packumentCache full:https://registry.npmjs.org/color-convert cache-miss
596 http cache https://registry.npmjs.org/color-convert 2ms (cache hit)
597 silly packumentCache full:https://registry.npmjs.org/color-convert set size:66477 disposed:false
598 silly placeDep ROOT color-convert@2.0.1 OK for: ansi-styles@4.3.0 want: ^2.0.1
599 silly fetch manifest color-name@~1.1.4
600 silly packumentCache full:https://registry.npmjs.org/color-name cache-miss
601 http cache https://registry.npmjs.org/color-name 3ms (cache hit)
602 silly packumentCache full:https://registry.npmjs.org/color-name set size:16325 disposed:false
603 silly placeDep ROOT color-name@1.1.4 OK for: color-convert@2.0.1 want: ~1.1.4
604 silly placeDep node_modules/optimist minimist@0.0.10 OK for: optimist@0.6.1 want: ~0.0.1
605 silly placeDep ROOT wordwrap@0.0.3 OK for: optimist@0.6.1 want: ~0.0.2
606 silly placeDep ROOT p-limit@3.1.0 OK for: p-locate@5.0.0 want: ^3.0.2
607 silly fetch manifest yocto-queue@^0.1.0
608 silly packumentCache full:https://registry.npmjs.org/yocto-queue cache-miss
609 http cache https://registry.npmjs.org/yocto-queue 2ms (cache hit)
610 silly packumentCache full:https://registry.npmjs.org/yocto-queue set size:18446 disposed:false
611 silly placeDep ROOT yocto-queue@0.1.0 OK for: p-limit@3.1.0 want: ^0.1.0
612 silly placeDep ROOT pinkie@2.0.4 OK for: pinkie-promise@2.0.1 want: ^2.0.0
613 silly placeDep ROOT core-util-is@1.0.3 OK for: readable-stream@2.3.8 want: ~1.0.0
614 silly placeDep ROOT isarray@1.0.0 OK for: readable-stream@2.3.8 want: ~1.0.0
615 silly placeDep ROOT process-nextick-args@2.0.1 OK for: readable-stream@2.3.8 want: ~2.0.0
616 silly placeDep ROOT safe-buffer@5.1.2 OK for: readable-stream@2.3.8 want: ~5.1.1
617 silly placeDep ROOT string_decoder@1.1.1 OK for: readable-stream@2.3.8 want: ~1.1.1
618 silly placeDep ROOT util-deprecate@1.0.2 OK for: readable-stream@2.3.8 want: ~1.0.1
619 silly placeDep ROOT aws-sign2@0.7.0 OK for: request@2.88.2 want: ~0.7.0
620 silly placeDep ROOT aws4@1.13.2 OK for: request@2.88.2 want: ^1.8.0
621 silly placeDep ROOT caseless@0.12.0 OK for: request@2.88.2 want: ~0.12.0
622 silly placeDep ROOT combined-stream@1.0.8 OK for: request@2.88.2 want: ~1.0.6
623 silly placeDep ROOT extend@3.0.2 OK for: request@2.88.2 want: ~3.0.2
624 silly placeDep ROOT forever-agent@0.6.1 OK for: request@2.88.2 want: ~0.6.1
625 silly placeDep ROOT form-data@2.3.3 OK for: request@2.88.2 want: ~2.3.2
626 silly placeDep ROOT har-validator@5.1.5 OK for: request@2.88.2 want: ~5.1.3
627 silly placeDep ROOT http-signature@1.2.0 OK for: request@2.88.2 want: ~1.2.0
628 silly placeDep ROOT is-typedarray@1.0.0 OK for: request@2.88.2 want: ~1.0.0
629 silly placeDep ROOT isstream@0.1.2 OK for: request@2.88.2 want: ~0.1.2
630 silly placeDep ROOT json-stringify-safe@5.0.1 OK for: request@2.88.2 want: ~5.0.1
631 silly placeDep ROOT mime-types@2.1.35 OK for: request@2.88.2 want: ~2.1.19
632 silly placeDep ROOT oauth-sign@0.9.0 OK for: request@2.88.2 want: ~0.9.0
633 silly placeDep ROOT performance-now@2.1.0 OK for: request@2.88.2 want: ^2.1.0
634 silly placeDep ROOT qs@6.5.3 OK for: request@2.88.2 want: ~6.5.2
635 silly placeDep ROOT tough-cookie@2.5.0 OK for: request@2.88.2 want: ~2.5.0
636 silly placeDep ROOT tunnel-agent@0.6.0 OK for: request@2.88.2 want: ^0.6.0
637 silly placeDep ROOT uuid@3.4.0 OK for: request@2.88.2 want: ^3.3.2
638 silly fetch manifest delayed-stream@~1.0.0
639 silly packumentCache full:https://registry.npmjs.org/delayed-stream cache-miss
640 silly fetch manifest asynckit@^0.4.0
641 silly packumentCache full:https://registry.npmjs.org/asynckit cache-miss
642 silly fetch manifest mime-types@^2.1.12
643 silly packumentCache full:https://registry.npmjs.org/mime-types cache-hit
644 silly fetch manifest ajv@^6.12.3
645 silly packumentCache full:https://registry.npmjs.org/ajv cache-miss
646 silly fetch manifest har-schema@^2.0.0
647 silly packumentCache full:https://registry.npmjs.org/har-schema cache-miss
648 silly fetch manifest sshpk@^1.7.0
649 silly packumentCache full:https://registry.npmjs.org/sshpk cache-miss
650 silly fetch manifest jsprim@^1.2.2
651 silly packumentCache full:https://registry.npmjs.org/jsprim cache-miss
652 silly fetch manifest assert-plus@^1.0.0
653 silly packumentCache full:https://registry.npmjs.org/assert-plus cache-miss
654 silly fetch manifest mime-db@1.52.0
655 silly packumentCache full:https://registry.npmjs.org/mime-db cache-miss
656 silly fetch manifest psl@^1.1.28
657 silly packumentCache full:https://registry.npmjs.org/psl cache-miss
658 silly fetch manifest punycode@^2.1.1
659 silly packumentCache full:https://registry.npmjs.org/punycode cache-miss
660 http cache https://registry.npmjs.org/delayed-stream 6ms (cache hit)
661 silly packumentCache full:https://registry.npmjs.org/delayed-stream set size:15820 disposed:false
662 http cache https://registry.npmjs.org/assert-plus 5ms (cache hit)
663 silly packumentCache full:https://registry.npmjs.org/assert-plus set size:16179 disposed:false
664 http cache https://registry.npmjs.org/mime-db 5ms (cache hit)
665 silly packumentCache full:https://registry.npmjs.org/mime-db set size:164893 disposed:false
666 http cache https://registry.npmjs.org/ajv 8ms (cache hit)
667 silly packumentCache full:https://registry.npmjs.org/ajv set size:1126072 disposed:false
668 http cache https://registry.npmjs.org/punycode 10ms (cache hit)
669 silly packumentCache full:https://registry.npmjs.org/punycode set size:61302 disposed:false
670 http cache https://registry.npmjs.org/asynckit 13ms (cache hit)
671 silly packumentCache full:https://registry.npmjs.org/asynckit set size:17357 disposed:false
672 http cache https://registry.npmjs.org/har-schema 13ms (cache hit)
673 silly packumentCache full:https://registry.npmjs.org/har-schema set size:23124 disposed:false
674 http cache https://registry.npmjs.org/jsprim 13ms (cache hit)
675 silly packumentCache full:https://registry.npmjs.org/jsprim set size:49462 disposed:false
676 http cache https://registry.npmjs.org/psl 13ms (cache hit)
677 silly packumentCache full:https://registry.npmjs.org/psl set size:129526 disposed:false
678 http cache https://registry.npmjs.org/sshpk 14ms (cache hit)
679 silly packumentCache full:https://registry.npmjs.org/sshpk set size:132959 disposed:false
680 silly placeDep ROOT delayed-stream@1.0.0 OK for: combined-stream@1.0.8 want: ~1.0.0
681 silly placeDep ROOT asynckit@0.4.0 OK for: form-data@2.3.3 want: ^0.4.0
682 silly placeDep ROOT ajv@6.12.6 OK for: har-validator@5.1.5 want: ^6.12.3
683 silly placeDep ROOT har-schema@2.0.0 OK for: har-validator@5.1.5 want: ^2.0.0
684 silly fetch manifest uri-js@^4.2.2
685 silly packumentCache full:https://registry.npmjs.org/uri-js cache-miss
686 silly fetch manifest fast-deep-equal@^3.1.1
687 silly packumentCache full:https://registry.npmjs.org/fast-deep-equal cache-miss
688 silly fetch manifest json-schema-traverse@^0.4.1
689 silly packumentCache full:https://registry.npmjs.org/json-schema-traverse cache-miss
690 silly fetch manifest fast-json-stable-stringify@^2.0.0
691 silly packumentCache full:https://registry.npmjs.org/fast-json-stable-stringify cache-miss
692 http cache https://registry.npmjs.org/fast-deep-equal 3ms (cache hit)
693 silly packumentCache full:https://registry.npmjs.org/fast-deep-equal set size:48634 disposed:false
694 http cache https://registry.npmjs.org/fast-json-stable-stringify 3ms (cache hit)
695 silly packumentCache full:https://registry.npmjs.org/fast-json-stable-stringify set size:11337 disposed:false
696 http cache https://registry.npmjs.org/json-schema-traverse 3ms (cache hit)
697 silly packumentCache full:https://registry.npmjs.org/json-schema-traverse set size:23537 disposed:false
698 http cache https://registry.npmjs.org/uri-js 4ms (cache hit)
699 silly packumentCache full:https://registry.npmjs.org/uri-js set size:42559 disposed:false
700 silly placeDep ROOT fast-deep-equal@3.1.3 OK for: ajv@6.12.6 want: ^3.1.1
701 silly placeDep ROOT fast-json-stable-stringify@2.1.0 OK for: ajv@6.12.6 want: ^2.0.0
702 silly placeDep ROOT json-schema-traverse@0.4.1 OK for: ajv@6.12.6 want: ^0.4.1
703 silly placeDep ROOT uri-js@4.4.1 OK for: ajv@6.12.6 want: ^4.2.2
704 silly fetch manifest punycode@^2.1.0
705 silly packumentCache full:https://registry.npmjs.org/punycode cache-hit
706 silly placeDep ROOT assert-plus@1.0.0 OK for: http-signature@1.2.0 want: ^1.0.0
707 silly placeDep ROOT jsprim@1.4.2 OK for: http-signature@1.2.0 want: ^1.2.2
708 silly placeDep ROOT sshpk@1.18.0 OK for: http-signature@1.2.0 want: ^1.7.0
709 silly fetch manifest verror@1.10.0
710 silly packumentCache full:https://registry.npmjs.org/verror cache-miss
711 silly fetch manifest extsprintf@1.3.0
712 silly packumentCache full:https://registry.npmjs.org/extsprintf cache-miss
713 silly fetch manifest json-schema@0.4.0
714 silly packumentCache full:https://registry.npmjs.org/json-schema cache-miss
715 silly fetch manifest asn1@~0.2.3
716 silly packumentCache full:https://registry.npmjs.org/asn1 cache-miss
717 silly fetch manifest jsbn@~0.1.0
718 silly packumentCache full:https://registry.npmjs.org/jsbn cache-miss
719 silly fetch manifest getpass@^0.1.1
720 silly packumentCache full:https://registry.npmjs.org/getpass cache-miss
721 silly fetch manifest dashdash@^1.12.0
722 silly packumentCache full:https://registry.npmjs.org/dashdash cache-miss
723 silly fetch manifest ecc-jsbn@~0.1.1
724 silly packumentCache full:https://registry.npmjs.org/ecc-jsbn cache-miss
725 silly fetch manifest tweetnacl@~0.14.0
726 silly packumentCache full:https://registry.npmjs.org/tweetnacl cache-miss
727 silly fetch manifest bcrypt-pbkdf@^1.0.0
728 silly packumentCache full:https://registry.npmjs.org/bcrypt-pbkdf cache-miss
729 http cache https://registry.npmjs.org/getpass 6ms (cache hit)
730 silly packumentCache full:https://registry.npmjs.org/getpass set size:13402 disposed:false
731 silly fetch manifest safer-buffer@^2.0.2
732 silly packumentCache full:https://registry.npmjs.org/safer-buffer cache-miss
733 http cache https://registry.npmjs.org/json-schema 7ms (cache hit)
734 silly packumentCache full:https://registry.npmjs.org/json-schema set size:15084 disposed:false
735 http cache https://registry.npmjs.org/extsprintf 7ms (cache hit)
736 silly packumentCache full:https://registry.npmjs.org/extsprintf set size:16132 disposed:false
737 http cache https://registry.npmjs.org/dashdash 7ms (cache hit)
738 silly packumentCache full:https://registry.npmjs.org/dashdash set size:63751 disposed:false
739 http cache https://registry.npmjs.org/ecc-jsbn 7ms (cache hit)
740 silly packumentCache full:https://registry.npmjs.org/ecc-jsbn set size:8870 disposed:false
741 http cache https://registry.npmjs.org/asn1 8ms (cache hit)
742 silly packumentCache full:https://registry.npmjs.org/asn1 set size:29932 disposed:false
743 http cache https://registry.npmjs.org/verror 8ms (cache hit)
744 silly packumentCache full:https://registry.npmjs.org/verror set size:50083 disposed:false
745 http cache https://registry.npmjs.org/tweetnacl 8ms (cache hit)
746 silly packumentCache full:https://registry.npmjs.org/tweetnacl set size:79790 disposed:false
747 http cache https://registry.npmjs.org/bcrypt-pbkdf 8ms (cache hit)
748 silly packumentCache full:https://registry.npmjs.org/bcrypt-pbkdf set size:6786 disposed:false
749 http cache https://registry.npmjs.org/jsbn 8ms (cache hit)
750 silly packumentCache full:https://registry.npmjs.org/jsbn set size:8169 disposed:false
751 http cache https://registry.npmjs.org/safer-buffer 4ms (cache hit)
752 silly packumentCache full:https://registry.npmjs.org/safer-buffer set size:18521 disposed:false
753 silly placeDep ROOT extsprintf@1.3.0 OK for: jsprim@1.4.2 want: 1.3.0
754 silly placeDep ROOT json-schema@0.4.0 OK for: jsprim@1.4.2 want: 0.4.0
755 silly placeDep ROOT verror@1.10.0 OK for: jsprim@1.4.2 want: 1.10.0
756 silly fetch manifest core-util-is@1.0.2
757 silly packumentCache full:https://registry.npmjs.org/core-util-is cache-hit
758 silly placeDep ROOT mime-db@1.52.0 OK for: mime-types@2.1.35 want: 1.52.0
759 silly placeDep ROOT adm-zip@0.4.4 OK for: selenium-webdriver@2.53.3 want: 0.4.4
760 silly placeDep ROOT tmp@0.0.24 OK for: selenium-webdriver@2.53.3 want: 0.0.24
761 silly placeDep ROOT ws@1.1.5 OK for: selenium-webdriver@2.53.3 want: ^1.0.1
762 silly placeDep ROOT xml2js@0.4.4 OK for: selenium-webdriver@2.53.3 want: 0.4.4
763 silly fetch manifest ultron@1.0.x
764 silly packumentCache full:https://registry.npmjs.org/ultron cache-miss
765 silly fetch manifest options@>=0.0.5
766 silly packumentCache full:https://registry.npmjs.org/options cache-miss
767 silly fetch manifest sax@0.6.x
768 silly packumentCache full:https://registry.npmjs.org/sax cache-miss
769 silly fetch manifest xmlbuilder@>=1.0.0
770 silly packumentCache full:https://registry.npmjs.org/xmlbuilder cache-miss
771 http fetch GET 200 https://registry.npmjs.org/sax 53ms (cache miss)
772 silly packumentCache full:https://registry.npmjs.org/sax set size:undefined disposed:false
773 http fetch GET 200 https://registry.npmjs.org/ultron 56ms (cache miss)
774 silly packumentCache full:https://registry.npmjs.org/ultron set size:undefined disposed:false
775 http fetch GET 200 https://registry.npmjs.org/options 57ms (cache miss)
776 silly packumentCache full:https://registry.npmjs.org/options set size:undefined disposed:false
777 http fetch GET 200 https://registry.npmjs.org/xmlbuilder 59ms (cache updated)
778 silly packumentCache full:https://registry.npmjs.org/xmlbuilder set size:undefined disposed:false
779 silly placeDep ROOT randombytes@2.1.0 OK for: serialize-javascript@6.0.2 want: ^2.1.0
780 silly placeDep ROOT asn1@0.2.6 OK for: sshpk@1.18.0 want: ~0.2.3
781 silly placeDep ROOT bcrypt-pbkdf@1.0.2 OK for: sshpk@1.18.0 want: ^1.0.0
782 silly placeDep ROOT dashdash@1.14.1 OK for: sshpk@1.18.0 want: ^1.12.0
783 silly placeDep ROOT ecc-jsbn@0.1.2 OK for: sshpk@1.18.0 want: ~0.1.1
784 silly placeDep ROOT getpass@0.1.7 OK for: sshpk@1.18.0 want: ^0.1.1
785 silly placeDep ROOT jsbn@0.1.1 OK for: sshpk@1.18.0 want: ~0.1.0
786 silly placeDep ROOT safer-buffer@2.1.2 OK for: sshpk@1.18.0 want: ^2.0.2
787 silly placeDep ROOT tweetnacl@0.14.5 OK for: sshpk@1.18.0 want: ~0.14.0
788 silly fetch manifest safer-buffer@~2.1.0
789 silly packumentCache full:https://registry.npmjs.org/safer-buffer cache-hit
790 silly fetch manifest tweetnacl@^0.14.3
791 silly packumentCache full:https://registry.npmjs.org/tweetnacl cache-hit
792 silly fetch manifest safer-buffer@^2.1.0
793 silly packumentCache full:https://registry.npmjs.org/safer-buffer cache-hit
794 silly placeDep ROOT has-flag@4.0.0 OK for: supports-color@8.1.1 want: ^4.0.0
795 silly placeDep node_modules/tcp-port-used debug@4.3.1 OK for: tcp-port-used@1.0.2 want: 4.3.1
796 silly placeDep ROOT is2@2.0.9 OK for: tcp-port-used@1.0.2 want: ^2.0.6
797 silly fetch manifest ms@2.1.2
798 silly packumentCache full:https://registry.npmjs.org/ms cache-hit
799 silly fetch manifest deep-is@^0.1.3
800 silly packumentCache full:https://registry.npmjs.org/deep-is cache-miss
801 silly fetch manifest ip-regex@^4.1.0
802 silly packumentCache full:https://registry.npmjs.org/ip-regex cache-miss
803 silly fetch manifest is-url@^1.2.4
804 silly packumentCache full:https://registry.npmjs.org/is-url cache-miss
805 http cache https://registry.npmjs.org/ip-regex 2ms (cache hit)
806 silly packumentCache full:https://registry.npmjs.org/ip-regex set size:26433 disposed:false
807 http fetch GET 200 https://registry.npmjs.org/is-url 43ms (cache miss)
808 silly packumentCache full:https://registry.npmjs.org/is-url set size:undefined disposed:false
809 http fetch GET 200 https://registry.npmjs.org/deep-is 55ms (cache updated)
810 silly packumentCache full:https://registry.npmjs.org/deep-is set size:undefined disposed:false
811 silly placeDep ROOT deep-is@0.1.4 OK for: is2@2.0.9 want: ^0.1.3
812 silly placeDep ROOT ip-regex@4.3.0 OK for: is2@2.0.9 want: ^4.1.0
813 silly placeDep ROOT is-url@1.2.4 OK for: is2@2.0.9 want: ^1.2.4
814 silly placeDep ROOT psl@1.15.0 OK for: tough-cookie@2.5.0 want: ^1.1.28
815 silly placeDep ROOT punycode@2.3.1 OK for: tough-cookie@2.5.0 want: ^2.1.1
816 silly fetch manifest punycode@^2.3.1
817 silly packumentCache full:https://registry.npmjs.org/punycode cache-hit
818 silly placeDep node_modules/verror core-util-is@1.0.2 OK for: verror@1.10.0 want: 1.0.2
819 silly placeDep ROOT options@0.0.6 OK for: ws@1.1.5 want: >=0.0.5
820 silly placeDep ROOT ultron@1.0.2 OK for: ws@1.1.5 want: 1.0.x
821 silly placeDep ROOT sax@0.6.1 OK for: xml2js@0.4.4 want: 0.6.x
822 silly placeDep ROOT xmlbuilder@15.1.1 OK for: xml2js@0.4.4 want: >=1.0.0
823 silly placeDep ROOT cliui@8.0.1 OK for: yargs@17.7.2 want: ^8.0.1
824 silly placeDep ROOT escalade@3.2.0 OK for: yargs@17.7.2 want: ^3.1.1
825 silly placeDep ROOT get-caller-file@2.0.5 OK for: yargs@17.7.2 want: ^2.0.5
826 silly placeDep ROOT require-directory@2.1.1 OK for: yargs@17.7.2 want: ^2.1.1
827 silly placeDep ROOT string-width@4.2.3 OK for: yargs@17.7.2 want: ^4.2.3
828 silly placeDep ROOT y18n@5.0.8 OK for: yargs@17.7.2 want: ^5.0.5
829 silly fetch manifest wrap-ansi@^7.0.0
830 silly packumentCache full:https://registry.npmjs.org/wrap-ansi cache-miss
831 silly fetch manifest strip-ansi@^6.0.1
832 silly packumentCache full:https://registry.npmjs.org/strip-ansi cache-miss
833 silly fetch manifest string-width@^4.2.0
834 silly packumentCache full:https://registry.npmjs.org/string-width cache-hit
835 silly fetch manifest strip-ansi@^6.0.1
836 silly packumentCache full:https://registry.npmjs.org/strip-ansi cache-miss
837 silly fetch manifest emoji-regex@^8.0.0
838 silly packumentCache full:https://registry.npmjs.org/emoji-regex cache-miss
839 silly fetch manifest is-fullwidth-code-point@^3.0.0
840 silly packumentCache full:https://registry.npmjs.org/is-fullwidth-code-point cache-miss
841 http cache https://registry.npmjs.org/wrap-ansi 3ms (cache hit)
842 silly packumentCache full:https://registry.npmjs.org/wrap-ansi set size:51143 disposed:false
843 http cache https://registry.npmjs.org/strip-ansi 4ms (cache hit)
844 silly packumentCache full:https://registry.npmjs.org/strip-ansi set size:43180 disposed:false
845 http cache https://registry.npmjs.org/emoji-regex 4ms (cache hit)
846 silly packumentCache full:https://registry.npmjs.org/emoji-regex set size:85187 disposed:false
847 http cache https://registry.npmjs.org/is-fullwidth-code-point 5ms (cache hit)
848 silly packumentCache full:https://registry.npmjs.org/is-fullwidth-code-point set size:12553 disposed:false
849 http cache https://registry.npmjs.org/strip-ansi 5ms (cache hit)
850 silly packumentCache full:https://registry.npmjs.org/strip-ansi set size:43180 disposed:false
851 silly packumentCache full:https://registry.npmjs.org/strip-ansi dispose
852 silly placeDep ROOT strip-ansi@6.0.1 OK for: cliui@8.0.1 want: ^6.0.1
853 silly placeDep ROOT wrap-ansi@7.0.0 OK for: cliui@8.0.1 want: ^7.0.0
854 silly fetch manifest ansi-regex@^5.0.1
855 silly packumentCache full:https://registry.npmjs.org/ansi-regex cache-miss
856 http cache https://registry.npmjs.org/ansi-regex 2ms (cache hit)
857 silly packumentCache full:https://registry.npmjs.org/ansi-regex set size:41869 disposed:false
858 silly placeDep ROOT emoji-regex@8.0.0 OK for: string-width@4.2.3 want: ^8.0.0
859 silly placeDep ROOT is-fullwidth-code-point@3.0.0 OK for: string-width@4.2.3 want: ^3.0.0
860 silly placeDep ROOT ansi-regex@5.0.1 OK for: strip-ansi@6.0.1 want: ^5.0.1
861 silly placeDep ROOT camelcase@6.3.0 OK for: yargs-unparser@2.0.0 want: ^6.0.0
862 silly placeDep ROOT decamelize@4.0.0 OK for: yargs-unparser@2.0.0 want: ^4.0.0
863 silly placeDep ROOT flat@5.0.2 OK for: yargs-unparser@2.0.0 want: ^5.0.2
864 silly placeDep ROOT is-plain-obj@2.1.0 OK for: yargs-unparser@2.0.0 want: ^2.1.0
865 silly placeDep ROOT buffer-crc32@0.2.13 OK for: yauzl@2.10.0 want: ~0.2.3
866 silly placeDep ROOT fd-slicer@1.1.0 OK for: yauzl@2.10.0 want: ~1.1.0
867 silly fetch manifest pend@~1.2.0
868 silly packumentCache full:https://registry.npmjs.org/pend cache-miss
869 http cache https://registry.npmjs.org/pend 3ms (cache hit)
870 silly packumentCache full:https://registry.npmjs.org/pend set size:8066 disposed:false
871 silly placeDep ROOT pend@1.2.0 OK for: fd-slicer@1.1.0 want: ~1.2.0
872 silly placeDep ROOT foreground-child@3.3.1 OK for: glob@10.4.5 want: ^3.1.0
873 silly placeDep ROOT jackspeak@3.4.3 OK for: glob@10.4.5 want: ^3.1.2
874 silly placeDep node_modules/mocha/node_modules/glob minimatch@9.0.5 OK for: glob@10.4.5 want: ^9.0.4
875 silly placeDep ROOT minipass@7.1.2 OK for: glob@10.4.5 want: ^7.1.2
876 silly placeDep ROOT package-json-from-dist@1.0.1 OK for: glob@10.4.5 want: ^1.0.0
877 silly placeDep ROOT path-scurry@1.11.1 OK for: glob@10.4.5 want: ^1.11.1
878 silly fetch manifest cross-spawn@^7.0.6
879 silly packumentCache full:https://registry.npmjs.org/cross-spawn cache-miss
880 silly fetch manifest signal-exit@^4.0.1
881 silly packumentCache full:https://registry.npmjs.org/signal-exit cache-miss
882 silly fetch manifest @isaacs/cliui@^8.0.2
883 silly packumentCache full:https://registry.npmjs.org/@isaacs%2fcliui cache-miss
884 silly fetch manifest @pkgjs/parseargs@^0.11.0
885 silly packumentCache full:https://registry.npmjs.org/@pkgjs%2fparseargs cache-miss
886 silly fetch manifest lru-cache@^10.2.0
887 silly packumentCache full:https://registry.npmjs.org/lru-cache cache-miss
888 http cache https://registry.npmjs.org/lru-cache 3ms (cache hit)
889 silly packumentCache full:https://registry.npmjs.org/lru-cache set size:391063 disposed:false
890 http cache https://registry.npmjs.org/cross-spawn 6ms (cache hit)
891 silly packumentCache full:https://registry.npmjs.org/cross-spawn set size:109066 disposed:false
892 http cache https://registry.npmjs.org/signal-exit 6ms (cache hit)
893 silly packumentCache full:https://registry.npmjs.org/signal-exit set size:53489 disposed:false
894 http fetch GET 200 https://registry.npmjs.org/@isaacs%2fcliui 83ms (cache miss)
895 silly packumentCache full:https://registry.npmjs.org/@isaacs%2fcliui set size:undefined disposed:false
896 http fetch GET 200 https://registry.npmjs.org/@pkgjs%2fparseargs 108ms (cache miss)
897 silly packumentCache full:https://registry.npmjs.org/@pkgjs%2fparseargs set size:undefined disposed:false
898 silly placeDep ROOT cross-spawn@7.0.6 OK for: foreground-child@3.3.1 want: ^7.0.6
899 silly placeDep ROOT signal-exit@4.1.0 OK for: foreground-child@3.3.1 want: ^4.0.1
900 silly fetch manifest which@^2.0.1
901 silly packumentCache full:https://registry.npmjs.org/which cache-miss
902 silly fetch manifest path-key@^3.1.0
903 silly packumentCache full:https://registry.npmjs.org/path-key cache-miss
904 silly fetch manifest shebang-command@^2.0.0
905 silly packumentCache full:https://registry.npmjs.org/shebang-command cache-miss
906 http cache https://registry.npmjs.org/shebang-command 2ms (cache hit)
907 silly packumentCache full:https://registry.npmjs.org/shebang-command set size:8525 disposed:false
908 http cache https://registry.npmjs.org/path-key 3ms (cache hit)
909 silly packumentCache full:https://registry.npmjs.org/path-key set size:16975 disposed:false
910 http cache https://registry.npmjs.org/which 4ms (cache hit)
911 silly packumentCache full:https://registry.npmjs.org/which set size:62768 disposed:false
912 silly placeDep ROOT path-key@3.1.1 OK for: cross-spawn@7.0.6 want: ^3.1.0
913 silly placeDep ROOT shebang-command@2.0.0 OK for: cross-spawn@7.0.6 want: ^2.0.0
914 silly placeDep ROOT which@2.0.2 OK for: cross-spawn@7.0.6 want: ^2.0.1
915 silly fetch manifest shebang-regex@^3.0.0
916 silly packumentCache full:https://registry.npmjs.org/shebang-regex cache-miss
917 silly fetch manifest isexe@^2.0.0
918 silly packumentCache full:https://registry.npmjs.org/isexe cache-miss
919 http cache https://registry.npmjs.org/isexe 3ms (cache hit)
920 silly packumentCache full:https://registry.npmjs.org/isexe set size:19340 disposed:false
921 http fetch GET 200 https://registry.npmjs.org/shebang-regex 49ms (cache updated)
922 silly packumentCache full:https://registry.npmjs.org/shebang-regex set size:undefined disposed:false
923 silly placeDep ROOT @isaacs/cliui@8.0.2 OK for: jackspeak@3.4.3 want: ^8.0.2
924 silly placeDep ROOT @pkgjs/parseargs@0.11.0 OK for: jackspeak@3.4.3 want: ^0.11.0
925 silly fetch manifest string-width@^5.1.2
926 silly packumentCache full:https://registry.npmjs.org/string-width cache-hit
927 silly fetch manifest string-width-cjs@npm:string-width@^4.2.0
928 silly packumentCache full:https://registry.npmjs.org/string-width cache-hit
929 silly fetch manifest strip-ansi@^7.0.1
930 silly packumentCache full:https://registry.npmjs.org/strip-ansi cache-hit
931 silly fetch manifest strip-ansi-cjs@npm:strip-ansi@^6.0.1
932 silly packumentCache full:https://registry.npmjs.org/strip-ansi cache-hit
933 silly fetch manifest wrap-ansi@^8.1.0
934 silly packumentCache full:https://registry.npmjs.org/wrap-ansi cache-hit
935 silly fetch manifest wrap-ansi-cjs@npm:wrap-ansi@^7.0.0
936 silly packumentCache full:https://registry.npmjs.org/wrap-ansi cache-hit
937 silly placeDep node_modules/@isaacs/cliui string-width@5.1.2 OK for: @isaacs/cliui@8.0.2 want: ^5.1.2
938 silly placeDep ROOT string-width-cjs@4.2.3 OK for: @isaacs/cliui@8.0.2 want: npm:string-width@^4.2.0
939 silly placeDep node_modules/@isaacs/cliui strip-ansi@7.1.0 OK for: @isaacs/cliui@8.0.2 want: ^7.0.1
940 silly placeDep ROOT strip-ansi-cjs@6.0.1 OK for: @isaacs/cliui@8.0.2 want: npm:strip-ansi@^6.0.1
941 silly placeDep node_modules/@isaacs/cliui wrap-ansi@8.1.0 OK for: @isaacs/cliui@8.0.2 want: ^8.1.0
942 silly placeDep ROOT wrap-ansi-cjs@7.0.0 OK for: @isaacs/cliui@8.0.2 want: npm:wrap-ansi@^7.0.0
943 silly fetch manifest emoji-regex@^9.2.2
944 silly packumentCache full:https://registry.npmjs.org/emoji-regex cache-hit
945 silly fetch manifest eastasianwidth@^0.2.0
946 silly packumentCache full:https://registry.npmjs.org/eastasianwidth cache-miss
947 silly fetch manifest ansi-regex@^6.0.1
948 silly packumentCache full:https://registry.npmjs.org/ansi-regex cache-hit
949 silly fetch manifest ansi-styles@^6.1.0
950 silly packumentCache full:https://registry.npmjs.org/ansi-styles cache-hit
951 http fetch GET 200 https://registry.npmjs.org/eastasianwidth 58ms (cache miss)
952 silly packumentCache full:https://registry.npmjs.org/eastasianwidth set size:undefined disposed:false
953 silly placeDep ROOT lru-cache@10.4.3 OK for: path-scurry@1.11.1 want: ^10.2.0
954 silly placeDep ROOT shebang-regex@3.0.0 OK for: shebang-command@2.0.0 want: ^3.0.0
955 silly placeDep ROOT isexe@2.0.0 OK for: which@2.0.2 want: ^2.0.0
956 silly placeDep ROOT eastasianwidth@0.2.0 OK for: string-width@5.1.2 want: ^0.2.0
957 silly placeDep node_modules/@isaacs/cliui emoji-regex@9.2.2 OK for: string-width@5.1.2 want: ^9.2.2
958 silly placeDep node_modules/@isaacs/cliui ansi-regex@6.1.0 OK for: strip-ansi@7.1.0 want: ^6.0.1
959 silly placeDep node_modules/@isaacs/cliui ansi-styles@6.2.1 OK for: wrap-ansi@8.1.0 want: ^6.1.0
960 silly placeDep node_modules/mocha brace-expansion@2.0.1 OK for: minimatch@5.1.6 want: ^2.0.1
961 silly placeDep node_modules/tcp-port-used ms@2.1.2 OK for: debug@4.3.1 want: 2.1.2
962 silly audit bulk request {
962 silly audit   chromedriver: [ '2.46.0' ],
962 silly audit   drool: [ '0.4.0' ],
962 silly audit   mocha: [ '11.2.2' ],
962 silly audit   'mocha-known-issues-reporter': [ '0.0.0' ],
962 silly audit   optimist: [ '0.6.1' ],
962 silly audit   'selenium-webdriver': [ '2.53.3', '2.53.1' ],
962 silly audit   del: [ '3.0.0' ],
962 silly audit   'extract-zip': [ '1.7.0' ],
962 silly audit   mkdirp: [ '0.5.6' ],
962 silly audit   request: [ '2.88.2' ],
962 silly audit   'tcp-port-used': [ '1.0.2' ],
962 silly audit   globby: [ '6.1.0' ],
962 silly audit   'is-path-cwd': [ '1.0.0' ],
962 silly audit   'is-path-in-cwd': [ '1.0.1' ],
962 silly audit   'p-map': [ '1.2.0' ],
962 silly audit   pify: [ '3.0.0', '2.3.0' ],
962 silly audit   rimraf: [ '2.7.1' ],
962 silly audit   'concat-stream': [ '1.6.2' ],
962 silly audit   debug: [ '2.6.9', '4.4.0', '4.3.1' ],
962 silly audit   yauzl: [ '2.10.0' ],
962 silly audit   'buffer-from': [ '1.1.2' ],
962 silly audit   inherits: [ '2.0.4' ],
962 silly audit   'readable-stream': [ '2.3.8' ],
962 silly audit   typedarray: [ '0.0.6' ],
962 silly audit   ms: [ '2.0.0', '2.1.3', '2.1.2' ],
962 silly audit   'array-union': [ '1.0.2' ],
962 silly audit   glob: [ '7.2.3', '10.4.5' ],
962 silly audit   'object-assign': [ '4.1.1' ],
962 silly audit   'pinkie-promise': [ '2.0.1' ],
962 silly audit   'array-uniq': [ '1.0.3' ],
962 silly audit   'fs.realpath': [ '1.0.0' ],
962 silly audit   inflight: [ '1.0.6' ],
962 silly audit   minimatch: [ '3.1.2', '5.1.6', '9.0.5' ],
962 silly audit   once: [ '1.4.0' ],
962 silly audit   'path-is-absolute': [ '1.0.1' ],
962 silly audit   wrappy: [ '1.0.2' ],
962 silly audit   'is-path-inside': [ '1.0.1' ],
962 silly audit   'path-is-inside': [ '1.0.2' ],
962 silly audit   'brace-expansion': [ '1.1.11', '2.0.1' ],
962 silly audit   'balanced-match': [ '1.0.2' ],
962 silly audit   'concat-map': [ '0.0.1' ],
962 silly audit   minimist: [ '1.2.8', '0.0.10' ],
962 silly audit   'browser-stdout': [ '1.3.1' ],
962 silly audit   chokidar: [ '4.0.3' ],
962 silly audit   diff: [ '5.2.0' ],
962 silly audit   'escape-string-regexp': [ '4.0.0' ],
962 silly audit   'find-up': [ '5.0.0' ],
962 silly audit   he: [ '1.2.0' ],
962 silly audit   'js-yaml': [ '4.1.0' ],
962 silly audit   'log-symbols': [ '4.1.0' ],
962 silly audit   picocolors: [ '1.1.1' ],
962 silly audit   'serialize-javascript': [ '6.0.2' ],
962 silly audit   'strip-json-comments': [ '3.1.1' ],
962 silly audit   'supports-color': [ '8.1.1', '7.2.0' ],
962 silly audit   workerpool: [ '6.5.1' ],
962 silly audit   yargs: [ '17.7.2' ],
962 silly audit   'yargs-parser': [ '21.1.1' ],
962 silly audit   'yargs-unparser': [ '2.0.0' ],
962 silly audit   readdirp: [ '4.1.2' ],
962 silly audit   'locate-path': [ '6.0.0' ],
962 silly audit   'path-exists': [ '4.0.0' ],
962 silly audit   argparse: [ '2.0.1' ],
962 silly audit   'p-locate': [ '5.0.0' ],
962 silly audit   chalk: [ '4.1.2' ],
962 silly audit   'is-unicode-supported': [ '0.1.0' ],
962 silly audit   'ansi-styles': [ '4.3.0', '6.2.1' ],
962 silly audit   'color-convert': [ '2.0.1' ],
962 silly audit   'color-name': [ '1.1.4' ],
962 silly audit   wordwrap: [ '0.0.3' ],
962 silly audit   'p-limit': [ '3.1.0' ],
962 silly audit   'yocto-queue': [ '0.1.0' ],
962 silly audit   pinkie: [ '2.0.4' ],
962 silly audit   'core-util-is': [ '1.0.3', '1.0.2' ],
962 silly audit   isarray: [ '1.0.0' ],
962 silly audit   'process-nextick-args': [ '2.0.1' ],
962 silly audit   'safe-buffer': [ '5.1.2' ],
962 silly audit   string_decoder: [ '1.1.1' ],
962 silly audit   'util-deprecate': [ '1.0.2' ],
962 silly audit   'aws-sign2': [ '0.7.0' ],
962 silly audit   aws4: [ '1.13.2' ],
962 silly audit   caseless: [ '0.12.0' ],
962 silly audit   'combined-stream': [ '1.0.8' ],
962 silly audit   extend: [ '3.0.2' ],
962 silly audit   'forever-agent': [ '0.6.1' ],
962 silly audit   'form-data': [ '2.3.3' ],
962 silly audit   'har-validator': [ '5.1.5' ],
962 silly audit   'http-signature': [ '1.2.0' ],
962 silly audit   'is-typedarray': [ '1.0.0' ],
962 silly audit   isstream: [ '0.1.2' ],
962 silly audit   'json-stringify-safe': [ '5.0.1' ],
962 silly audit   'mime-types': [ '2.1.35' ],
962 silly audit   'oauth-sign': [ '0.9.0' ],
962 silly audit   'performance-now': [ '2.1.0' ],
962 silly audit   qs: [ '6.5.3' ],
962 silly audit   'tough-cookie': [ '2.5.0' ],
962 silly audit   'tunnel-agent': [ '0.6.0' ],
962 silly audit   uuid: [ '3.4.0' ],
962 silly audit   'delayed-stream': [ '1.0.0' ],
962 silly audit   asynckit: [ '0.4.0' ],
962 silly audit   ajv: [ '6.12.6' ],
962 silly audit   'har-schema': [ '2.0.0' ],
962 silly audit   'fast-deep-equal': [ '3.1.3' ],
962 silly audit   'fast-json-stable-stringify': [ '2.1.0' ],
962 silly audit   'json-schema-traverse': [ '0.4.1' ],
962 silly audit   'uri-js': [ '4.4.1' ],
962 silly audit   'assert-plus': [ '1.0.0' ],
962 silly audit   jsprim: [ '1.4.2' ],
962 silly audit   sshpk: [ '1.18.0' ],
962 silly audit   extsprintf: [ '1.3.0' ],
962 silly audit   'json-schema': [ '0.4.0' ],
962 silly audit   verror: [ '1.10.0' ],
962 silly audit   'mime-db': [ '1.52.0' ],
962 silly audit   'adm-zip': [ '0.4.4' ],
962 silly audit   tmp: [ '0.0.24' ],
962 silly audit   ws: [ '1.1.5' ],
962 silly audit   xml2js: [ '0.4.4' ],
962 silly audit   randombytes: [ '2.1.0' ],
962 silly audit   asn1: [ '0.2.6' ],
962 silly audit   'bcrypt-pbkdf': [ '1.0.2' ],
962 silly audit   dashdash: [ '1.14.1' ],
962 silly audit   'ecc-jsbn': [ '0.1.2' ],
962 silly audit   getpass: [ '0.1.7' ],
962 silly audit   jsbn: [ '0.1.1' ],
962 silly audit   'safer-buffer': [ '2.1.2' ],
962 silly audit   tweetnacl: [ '0.14.5' ],
962 silly audit   'has-flag': [ '4.0.0' ],
962 silly audit   is2: [ '2.0.9' ],
962 silly audit   'deep-is': [ '0.1.4' ],
962 silly audit   'ip-regex': [ '4.3.0' ],
962 silly audit   'is-url': [ '1.2.4' ],
962 silly audit   psl: [ '1.15.0' ],
962 silly audit   punycode: [ '2.3.1' ],
962 silly audit   options: [ '0.0.6' ],
962 silly audit   ultron: [ '1.0.2' ],
962 silly audit   sax: [ '0.6.1' ],
962 silly audit   xmlbuilder: [ '15.1.1' ],
962 silly audit   cliui: [ '8.0.1' ],
962 silly audit   escalade: [ '3.2.0' ],
962 silly audit   'get-caller-file': [ '2.0.5' ],
962 silly audit   'require-directory': [ '2.1.1' ],
962 silly audit   'string-width': [ '4.2.3', '5.1.2' ],
962 silly audit   y18n: [ '5.0.8' ],
962 silly audit   'strip-ansi': [ '6.0.1', '7.1.0' ],
962 silly audit   'wrap-ansi': [ '7.0.0', '8.1.0' ],
962 silly audit   'emoji-regex': [ '8.0.0', '9.2.2' ],
962 silly audit   'is-fullwidth-code-point': [ '3.0.0' ],
962 silly audit   'ansi-regex': [ '5.0.1', '6.1.0' ],
962 silly audit   camelcase: [ '6.3.0' ],
962 silly audit   decamelize: [ '4.0.0' ],
962 silly audit   flat: [ '5.0.2' ],
962 silly audit   'is-plain-obj': [ '2.1.0' ],
962 silly audit   'buffer-crc32': [ '0.2.13' ],
962 silly audit   'fd-slicer': [ '1.1.0' ],
962 silly audit   pend: [ '1.2.0' ],
962 silly audit   'foreground-child': [ '3.3.1' ],
962 silly audit   jackspeak: [ '3.4.3' ],
962 silly audit   minipass: [ '7.1.2' ],
962 silly audit   'package-json-from-dist': [ '1.0.1' ],
962 silly audit   'path-scurry': [ '1.11.1' ],
962 silly audit   'cross-spawn': [ '7.0.6' ],
962 silly audit   'signal-exit': [ '4.1.0' ],
962 silly audit   'path-key': [ '3.1.1' ],
962 silly audit   'shebang-command': [ '2.0.0' ],
962 silly audit   which: [ '2.0.2' ],
962 silly audit   '@isaacs/cliui': [ '8.0.2' ],
962 silly audit   '@pkgjs/parseargs': [ '0.11.0' ],
962 silly audit   'lru-cache': [ '10.4.3' ],
962 silly audit   'shebang-regex': [ '3.0.0' ],
962 silly audit   isexe: [ '2.0.0' ],
962 silly audit   eastasianwidth: [ '0.2.0' ]
962 silly audit }
963 http fetch POST 200 https://registry.npmjs.org/-/npm/v1/security/advisories/bulk 159ms
964 silly audit report {
964 silly audit report   chromedriver: [
964 silly audit report     {
964 silly audit report       id: 1094902,
964 silly audit report       url: 'https://github.com/advisories/GHSA-hm92-vgmw-qfmx',
964 silly audit report       title: 'chromedriver Command Injection vulnerability',
964 silly audit report       severity: 'moderate',
964 silly audit report       vulnerable_versions: '<119.0.1',
964 silly audit report       cwe: [Array],
964 silly audit report       cvss: [Object]
964 silly audit report     }
964 silly audit report   ],
964 silly audit report   request: [
964 silly audit report     {
964 silly audit report       id: 1096727,
964 silly audit report       url: 'https://github.com/advisories/GHSA-p8p7-x288-28g6',
964 silly audit report       title: 'Server-Side Request Forgery in Request',
964 silly audit report       severity: 'moderate',
964 silly audit report       vulnerable_versions: '<=2.88.2',
964 silly audit report       cwe: [Array],
964 silly audit report       cvss: [Object]
964 silly audit report     }
964 silly audit report   ],
964 silly audit report   minimist: [
964 silly audit report     {
964 silly audit report       id: 1097677,
964 silly audit report       url: 'https://github.com/advisories/GHSA-xvch-5gv4-984h',
964 silly audit report       title: 'Prototype Pollution in minimist',
964 silly audit report       severity: 'critical',
964 silly audit report       vulnerable_versions: '<0.2.4',
964 silly audit report       cwe: [Array],
964 silly audit report       cvss: [Object]
964 silly audit report     },
964 silly audit report     {
964 silly audit report       id: 1096466,
964 silly audit report       url: 'https://github.com/advisories/GHSA-vh95-rmgr-6w4m',
964 silly audit report       title: 'Prototype Pollution in minimist',
964 silly audit report       severity: 'moderate',
964 silly audit report       vulnerable_versions: '<0.2.1',
964 silly audit report       cwe: [Array],
964 silly audit report       cvss: [Object]
964 silly audit report     }
964 silly audit report   ],
964 silly audit report   'tough-cookie': [
964 silly audit report     {
964 silly audit report       id: 1097682,
964 silly audit report       url: 'https://github.com/advisories/GHSA-72xf-g2v4-qvf3',
964 silly audit report       title: 'tough-cookie Prototype Pollution vulnerability',
964 silly audit report       severity: 'moderate',
964 silly audit report       vulnerable_versions: '<4.1.3',
964 silly audit report       cwe: [Array],
964 silly audit report       cvss: [Object]
964 silly audit report     }
964 silly audit report   ],
964 silly audit report   'adm-zip': [
964 silly audit report     {
964 silly audit report       id: 1093814,
964 silly audit report       url: 'https://github.com/advisories/GHSA-3v6h-hqm4-2rg6',
964 silly audit report       title: 'Arbitrary File Write in adm-zip',
964 silly audit report       severity: 'moderate',
964 silly audit report       vulnerable_versions: '<0.4.11',
964 silly audit report       cwe: [Array],
964 silly audit report       cvss: [Object]
964 silly audit report     }
964 silly audit report   ],
964 silly audit report   xml2js: [
964 silly audit report     {
964 silly audit report       id: 1096693,
964 silly audit report       url: 'https://github.com/advisories/GHSA-776f-qx25-q3cc',
964 silly audit report       title: 'xml2js is vulnerable to prototype pollution',
964 silly audit report       severity: 'moderate',
964 silly audit report       vulnerable_versions: '<0.5.0',
964 silly audit report       cwe: [Array],
964 silly audit report       cvss: [Object]
964 silly audit report     }
964 silly audit report   ]
964 silly audit report }
965 silly packumentCache corgi:https://registry.npmjs.org/chromedriver cache-miss
966 silly packumentCache corgi:https://registry.npmjs.org/request cache-miss
967 silly packumentCache corgi:https://registry.npmjs.org/minimist cache-miss
968 silly packumentCache corgi:https://registry.npmjs.org/tough-cookie cache-miss
969 silly packumentCache corgi:https://registry.npmjs.org/adm-zip cache-miss
970 silly packumentCache corgi:https://registry.npmjs.org/xml2js cache-miss
971 http cache https://registry.npmjs.org/minimist 8ms (cache hit)
972 silly packumentCache corgi:https://registry.npmjs.org/minimist set size:29263 disposed:false
973 http cache https://registry.npmjs.org/request 10ms (cache hit)
974 silly packumentCache corgi:https://registry.npmjs.org/request set size:129997 disposed:false
975 http cache https://registry.npmjs.org/tough-cookie 10ms (cache hit)
976 silly packumentCache corgi:https://registry.npmjs.org/tough-cookie set size:51605 disposed:false
977 http fetch GET 200 https://registry.npmjs.org/adm-zip 54ms (cache miss)
978 silly packumentCache corgi:https://registry.npmjs.org/adm-zip set size:undefined disposed:false
979 http fetch GET 200 https://registry.npmjs.org/xml2js 57ms (cache miss)
980 silly packumentCache corgi:https://registry.npmjs.org/xml2js set size:undefined disposed:false
981 http fetch GET 200 https://registry.npmjs.org/chromedriver 59ms (cache miss)
982 silly packumentCache corgi:https://registry.npmjs.org/chromedriver set size:undefined disposed:false
983 silly packumentCache corgi:https://registry.npmjs.org/optimist cache-miss
984 http cache https://registry.npmjs.org/optimist 3ms (cache hit)
985 silly packumentCache corgi:https://registry.npmjs.org/optimist set size:21729 disposed:false
986 silly packumentCache corgi:https://registry.npmjs.org/selenium-webdriver cache-miss
987 http fetch GET 200 https://registry.npmjs.org/selenium-webdriver 73ms (cache miss)
988 silly packumentCache corgi:https://registry.npmjs.org/selenium-webdriver set size:undefined disposed:false
989 silly packumentCache corgi:https://registry.npmjs.org/drool cache-miss
990 http fetch GET 200 https://registry.npmjs.org/drool 305ms (cache miss)
991 silly packumentCache corgi:https://registry.npmjs.org/drool set size:undefined disposed:false
992 verbose cwd /Users/krishnam/Documents/GitHub-JFrog/todomvc
993 verbose os Darwin 24.3.0
994 verbose node v23.11.0
995 verbose npm  v10.9.2
996 verbose exit 0
997 info ok
